<?xml version="1.0" encoding="UTF-8"?>
<testng-results ignored="0" total="2" passed="2" failed="0" skipped="0">
  <reporter-output>
  </reporter-output>
  <suite started-at="2025-05-07T18:03:37 IST" name="Suite" finished-at="2025-05-07T18:04:11 IST" duration-ms="33445">
    <groups>
    </groups>
    <test started-at="2025-05-07T18:03:37 IST" name="chromeTest" finished-at="2025-05-07T18:03:59 IST" duration-ms="21161">
      <class name="testCases.TC001_RegisterUser">
        <test-method is-config="true" signature="setUp(java.lang.String)[pri:0, instance:testCases.TC001_RegisterUser@179ece50]" started-at="2025-05-07T18:03:37 IST" name="setUp" finished-at="2025-05-07T18:03:48 IST" duration-ms="10595" status="PASS">
          <params>
            <param index="0">
              <value>
                <![CDATA[chrome]]>
              </value>
            </param>
          </params>
          <reporter-output>
          </reporter-output>
        </test-method> <!-- setUp -->
        <test-method signature="verifyAccountRegister()[pri:0, instance:testCases.TC001_RegisterUser@179ece50]" started-at="2025-05-07T18:03:48 IST" name="verifyAccountRegister" finished-at="2025-05-07T18:03:53 IST" duration-ms="4631" status="PASS">
          <reporter-output>
          </reporter-output>
        </test-method> <!-- verifyAccountRegister -->
        <test-method is-config="true" signature="tearDown()[pri:0, instance:testCases.TC001_RegisterUser@179ece50]" started-at="2025-05-07T18:03:53 IST" name="tearDown" finished-at="2025-05-07T18:03:59 IST" duration-ms="5859" status="PASS">
          <reporter-output>
          </reporter-output>
        </test-method> <!-- tearDown -->
      </class> <!-- testCases.TC001_RegisterUser -->
    </test> <!-- chromeTest -->
    <test started-at="2025-05-07T18:03:37 IST" name="EdgeTest" finished-at="2025-05-07T18:04:11 IST" duration-ms="33444">
      <class name="testCases.TC001_RegisterUser">
        <test-method is-config="true" signature="setUp(java.lang.String)[pri:0, instance:testCases.TC001_RegisterUser@37ceb1df]" started-at="2025-05-07T18:03:37 IST" name="setUp" finished-at="2025-05-07T18:03:59 IST" duration-ms="21870" status="PASS">
          <params>
            <param index="0">
              <value>
                <![CDATA[edge]]>
              </value>
            </param>
          </params>
          <reporter-output>
          </reporter-output>
        </test-method> <!-- setUp -->
        <test-method signature="verifyAccountRegister()[pri:0, instance:testCases.TC001_RegisterUser@37ceb1df]" started-at="2025-05-07T18:03:59 IST" name="verifyAccountRegister" finished-at="2025-05-07T18:04:04 IST" duration-ms="4704" status="PASS">
          <reporter-output>
          </reporter-output>
        </test-method> <!-- verifyAccountRegister -->
        <test-method is-config="true" signature="tearDown()[pri:0, instance:testCases.TC001_RegisterUser@37ceb1df]" started-at="2025-05-07T18:04:04 IST" name="tearDown" finished-at="2025-05-07T18:04:11 IST" duration-ms="6819" status="PASS">
          <reporter-output>
          </reporter-output>
        </test-method> <!-- tearDown -->
      </class> <!-- testCases.TC001_RegisterUser -->
    </test> <!-- EdgeTest -->
  </suite> <!-- Suite -->
</testng-results>
