<?xml version="1.0" encoding="UTF-8"?>
<testng-results ignored="0" total="2" passed="2" failed="0" skipped="0">
  <reporter-output>
  </reporter-output>
  <suite started-at="2025-04-27T22:23:51 IST" name="Suite" finished-at="2025-04-27T22:24:23 IST" duration-ms="31723">
    <groups>
    </groups>
    <test started-at="2025-04-27T22:23:51 IST" name="Test" finished-at="2025-04-27T22:24:23 IST" duration-ms="31723">
      <class name="testCases.TC001_RegisterUser">
        <test-method is-config="true" signature="setUp(java.lang.String)[pri:0, instance:testCases.TC001_RegisterUser@3b0090a4]" started-at="2025-04-27T22:23:51 IST" name="setUp" finished-at="2025-04-27T22:23:59 IST" duration-ms="7597" status="PASS">
          <params>
            <param index="0">
              <value>
                <![CDATA[edge]]>
              </value>
            </param>
          </params>
          <reporter-output>
          </reporter-output>
        </test-method> <!-- setUp -->
        <test-method signature="verifyAccountRegister()[pri:0, instance:testCases.TC001_RegisterUser@3b0090a4]" started-at="2025-04-27T22:23:59 IST" name="verifyAccountRegister" finished-at="2025-04-27T22:24:02 IST" duration-ms="3646" status="PASS">
          <reporter-output>
          </reporter-output>
        </test-method> <!-- verifyAccountRegister -->
        <test-method is-config="true" signature="tearDown()[pri:0, instance:testCases.TC001_RegisterUser@3b0090a4]" started-at="2025-04-27T22:24:02 IST" name="tearDown" finished-at="2025-04-27T22:24:09 IST" duration-ms="6436" status="PASS">
          <reporter-output>
          </reporter-output>
        </test-method> <!-- tearDown -->
      </class> <!-- testCases.TC001_RegisterUser -->
      <class name="testCases.TC002_LoginTest">
        <test-method is-config="true" signature="setUp(java.lang.String)[pri:0, instance:testCases.TC002_LoginTest@74e52ef6]" started-at="2025-04-27T22:24:09 IST" name="setUp" finished-at="2025-04-27T22:24:14 IST" duration-ms="5698" status="PASS">
          <params>
            <param index="0">
              <value>
                <![CDATA[edge]]>
              </value>
            </param>
          </params>
          <reporter-output>
          </reporter-output>
        </test-method> <!-- setUp -->
        <test-method signature="loginTest()[pri:0, instance:testCases.TC002_LoginTest@74e52ef6]" started-at="2025-04-27T22:24:14 IST" name="loginTest" finished-at="2025-04-27T22:24:16 IST" duration-ms="1840" status="PASS">
          <reporter-output>
          </reporter-output>
        </test-method> <!-- loginTest -->
        <test-method is-config="true" signature="tearDown()[pri:0, instance:testCases.TC002_LoginTest@74e52ef6]" started-at="2025-04-27T22:24:16 IST" name="tearDown" finished-at="2025-04-27T22:24:23 IST" duration-ms="6464" status="PASS">
          <reporter-output>
          </reporter-output>
        </test-method> <!-- tearDown -->
      </class> <!-- testCases.TC002_LoginTest -->
    </test> <!-- Test -->
  </suite> <!-- Suite -->
</testng-results>
